#
# There is insufficient memory for the Java Runtime Environment to continue.
# Native memory allocation (malloc) failed to allocate 32744 bytes for ChunkPool::allocate
# Possible reasons:
#   The system is out of physical RAM or swap space
#   In 32 bit mode, the process size limit was hit
# Possible solutions:
#   Reduce memory load on the system
#   Increase physical memory or swap space
#   Check if swap backing store is full
#   Use 64 bit Java on a 64 bit OS
#   Decrease Java heap size (-Xmx/-Xms)
#   Decrease number of Java threads
#   Decrease Java thread stack sizes (-Xss)
#   Set larger code cache with -XX:ReservedCodeCacheSize=
# This output file may be truncated or incomplete.
#
#  Out of Memory Error (allocation.cpp:273), pid=4168, tid=5792
#
# JRE version: Java(TM) SE Runtime Environment (8.0_25-b18) (build 1.8.0_25-b18)
# Java VM: Java HotSpot(TM) 64-Bit Server VM (25.25-b02 mixed mode windows-amd64 compressed oops)
# Failed to write core dump. Minidumps are not enabled by default on client versions of Windows
#

---------------  T H R E A D  ---------------

Current thread (0x0000000056475800):  JavaThread "C2 CompilerThread1" daemon [_thread_in_native, id=5792, stack(0x0000000056a30000,0x0000000056b30000)]

Stack: [0x0000000056a30000,0x0000000056b30000]
Native frames: (J=compiled Java code, j=interpreted, Vv=VM code, C=native code)
V  [jvm.dll+0x31667a]
V  [jvm.dll+0x267073]
V  [jvm.dll+0x267cb3]
V  [jvm.dll+0x25f5b5]
V  [jvm.dll+0xbeec1]
V  [jvm.dll+0xbf60c]
V  [jvm.dll+0xbf8b4]
V  [jvm.dll+0x4cef47]
V  [jvm.dll+0x4cfb1e]
V  [jvm.dll+0x4c2b9b]
V  [jvm.dll+0x4c52d7]
V  [jvm.dll+0x43d53d]
V  [jvm.dll+0x4c6179]
V  [jvm.dll+0x46ca0d]
V  [jvm.dll+0x46cae2]
V  [jvm.dll+0x4db5b4]
V  [jvm.dll+0x438271]
V  [jvm.dll+0x45c4c4]
V  [jvm.dll+0x4e21c8]
V  [jvm.dll+0x4dace7]
V  [jvm.dll+0x4db069]
V  [jvm.dll+0x4db5d6]
V  [jvm.dll+0x438271]
V  [jvm.dll+0x45c4c4]
V  [jvm.dll+0x4e21c8]
V  [jvm.dll+0x4dace7]
V  [jvm.dll+0x4db069]
V  [jvm.dll+0x4db5d6]
V  [jvm.dll+0x438271]
V  [jvm.dll+0x45c4c4]
V  [jvm.dll+0x4e21c8]
V  [jvm.dll+0x4dace7]
V  [jvm.dll+0x4db069]
V  [jvm.dll+0x4db5d6]
V  [jvm.dll+0x438271]
V  [jvm.dll+0x45366b]
V  [jvm.dll+0x437372]
V  [jvm.dll+0x98a02]
V  [jvm.dll+0x991f3]
V  [jvm.dll+0x22bde4]
V  [jvm.dll+0x2852fa]
C  [msvcr100.dll+0x21d9f]
C  [msvcr100.dll+0x21e3b]
C  [kernel32.dll+0x15a4d]
C  [ntdll.dll+0x2b831]


Current CompileTask:
C2:   6575 1616   !   4       com.android.dx.cf.code.Ropper::processBlock (1101 bytes)


---------------  P R O C E S S  ---------------

Java Threads: ( => current thread )
  0x0000000056743800 JavaThread "pool-1-thread-4" [_thread_blocked, id=2532, stack(0x00000000582e0000,0x00000000583e0000)]
  0x0000000056741800 JavaThread "pool-1-thread-3" [_thread_blocked, id=5328, stack(0x0000000058150000,0x0000000058250000)]
  0x000000005673e800 JavaThread "pool-1-thread-2" [_thread_blocked, id=2832, stack(0x00000000572b0000,0x00000000573b0000)]
  0x000000005673b800 JavaThread "pool-2-thread-1" [_thread_blocked, id=5244, stack(0x0000000057f70000,0x0000000058070000)]
  0x000000005751c800 JavaThread "pool-1-thread-1" [_thread_blocked, id=5232, stack(0x0000000057da0000,0x0000000057ea0000)]
  0x00000000564cc000 JavaThread "Service Thread" daemon [_thread_blocked, id=3240, stack(0x0000000057190000,0x0000000057290000)]
  0x000000005648a800 JavaThread "C1 CompilerThread2" daemon [_thread_in_vm, id=5424, stack(0x0000000056f70000,0x0000000057070000)]
=>0x0000000056475800 JavaThread "C2 CompilerThread1" daemon [_thread_in_native, id=5792, stack(0x0000000056a30000,0x0000000056b30000)]
  0x0000000056470800 JavaThread "C2 CompilerThread0" daemon [_thread_in_native, id=5188, stack(0x0000000056d40000,0x0000000056e40000)]
  0x0000000055127000 JavaThread "Attach Listener" daemon [_thread_blocked, id=5440, stack(0x0000000056bc0000,0x0000000056cc0000)]
  0x0000000055123800 JavaThread "Signal Dispatcher" daemon [_thread_blocked, id=5736, stack(0x0000000056910000,0x0000000056a10000)]
  0x00000000550c0800 JavaThread "Finalizer" daemon [_thread_blocked, id=3772, stack(0x0000000056370000,0x0000000056470000)]
  0x00000000550bd000 JavaThread "Reference Handler" daemon [_thread_blocked, id=3548, stack(0x00000000561d0000,0x00000000562d0000)]
  0x0000000001c6e000 JavaThread "main" [_thread_blocked, id=5980, stack(0x0000000002410000,0x0000000002510000)]

Other Threads:
  0x00000000550b5800 VMThread [stack: 0x0000000056050000,0x0000000056150000] [id=1884]
  0x00000000564cf800 WatcherThread [stack: 0x0000000057410000,0x0000000057510000] [id=2628]

VM state:synchronizing (normal execution)

VM Mutex/Monitor currently owned by a thread:  ([mutex/lock_event])
[0x0000000001c6c150] Threads_lock - owner thread: 0x00000000550b5800
[0x0000000001c6c650] Heap_lock - owner thread: 0x000000005751c800

Heap:
 PSYoungGen      total 53248K, used 53232K [0x00000000eab00000, 0x00000000ee300000, 0x0000000100000000)
  eden space 49152K, 100% used [0x00000000eab00000,0x00000000edb00000,0x00000000edb00000)
  from space 4096K, 99% used [0x00000000edf00000,0x00000000ee2fc2c0,0x00000000ee300000)
  to   space 4096K, 0% used [0x00000000edb00000,0x00000000edb00000,0x00000000edf00000)
 ParOldGen       total 65536K, used 2934K [0x00000000c0000000, 0x00000000c4000000, 0x00000000eab00000)
  object space 65536K, 4% used [0x00000000c0000000,0x00000000c02dda90,0x00000000c4000000)
 Metaspace       used 6156K, capacity 7088K, committed 7296K, reserved 1056768K
  class space    used 593K, capacity 616K, committed 640K, reserved 1048576K

Card table byte_map: [0x0000000011ba0000,0x0000000011db0000] byte_map_base: 0x00000000115a0000

Marking Bits: (ParMarkBitMap*) 0x000000006ef6d490
 Begin Bits: [0x0000000012530000, 0x0000000013530000)
 End Bits:   [0x0000000013530000, 0x0000000014530000)

Polling page: 0x0000000000440000

CodeCache: size=245760Kb used=6716Kb max_used=6732Kb free=239043Kb
 bounds [0x00000000027e0000, 0x0000000002e80000, 0x00000000117e0000]
 total_blobs=1894 nmethods=1630 adapters=178
 compilation: enabled

Compilation events (10 events):
Event: 5.814 Thread 0x0000000056470800 nmethod 1561 0x0000000002e64b10 code [0x0000000002e64f20, 0x0000000002e682b0]
Event: 5.814 Thread 0x0000000056470800 1622       4       com.android.dx.ssa.SCCP::simulateBlock (54 bytes)
Event: 5.844 Thread 0x000000005648a800 1656       2       java.util.concurrent.locks.LockSupport::unpark (12 bytes)
Event: 5.845 Thread 0x000000005648a800 nmethod 1656 0x0000000002e5f810 code [0x0000000002e5f980, 0x0000000002e5fae8]
Event: 5.846 Thread 0x000000005648a800 1658       2       java.util.concurrent.locks.ReentrantLock::lock (8 bytes)
Event: 5.846 Thread 0x000000005648a800 nmethod 1658 0x0000000002e5f110 code [0x0000000002e5f280, 0x0000000002e5f408]
Event: 5.919 Thread 0x0000000056475800 nmethod 1608 0x0000000002e74ed0 code [0x0000000002e752e0, 0x0000000002e78310]
Event: 5.920 Thread 0x0000000056475800 1612   !   4       com.android.dx.rop.type.Type::intern (319 bytes)
Event: 5.956 Thread 0x0000000056475800 nmethod 1612 0x0000000002e62e10 code [0x0000000002e63020, 0x0000000002e64100]
Event: 5.956 Thread 0x0000000056475800 1616   !   4       com.android.dx.cf.code.Ropper::processBlock (1101 bytes)

GC Heap History (4 events):
Event: 3.305 GC heap before
{Heap before GC invocations=1 (full 0):
 PSYoungGen      total 28672K, used 24576K [0x00000000eab00000, 0x00000000ecb00000, 0x0000000100000000)
  eden space 24576K, 100% used [0x00000000eab00000,0x00000000ec300000,0x00000000ec300000)
  from space 4096K, 0% used [0x00000000ec700000,0x00000000ec700000,0x00000000ecb00000)
  to   space 4096K, 0% used [0x00000000ec300000,0x00000000ec300000,0x00000000ec700000)
 ParOldGen       total 65536K, used 0K [0x00000000c0000000, 0x00000000c4000000, 0x00000000eab00000)
  object space 65536K, 0% used [0x00000000c0000000,0x00000000c0000000,0x00000000c4000000)
 Metaspace       used 5786K, capacity 6832K, committed 7040K, reserved 1056768K
  class space    used 591K, capacity 616K, committed 640K, reserved 1048576K
Event: 3.455 GC heap after
Heap after GC invocations=1 (full 0):
 PSYoungGen      total 28672K, used 4074K [0x00000000eab00000, 0x00000000ee300000, 0x0000000100000000)
  eden space 24576K, 0% used [0x00000000eab00000,0x00000000eab00000,0x00000000ec300000)
  from space 4096K, 99% used [0x00000000ec300000,0x00000000ec6faab0,0x00000000ec700000)
  to   space 4096K, 0% used [0x00000000edf00000,0x00000000edf00000,0x00000000ee300000)
 ParOldGen       total 65536K, used 623K [0x00000000c0000000, 0x00000000c4000000, 0x00000000eab00000)
  object space 65536K, 0% used [0x00000000c0000000,0x00000000c009bee0,0x00000000c4000000)
 Metaspace       used 5786K, capacity 6832K, committed 7040K, reserved 1056768K
  class space    used 591K, capacity 616K, committed 640K, reserved 1048576K
}
Event: 4.126 GC heap before
{Heap before GC invocations=2 (full 0):
 PSYoungGen      total 28672K, used 28650K [0x00000000eab00000, 0x00000000ee300000, 0x0000000100000000)
  eden space 24576K, 100% used [0x00000000eab00000,0x00000000ec300000,0x00000000ec300000)
  from space 4096K, 99% used [0x00000000ec300000,0x00000000ec6faab0,0x00000000ec700000)
  to   space 4096K, 0% used [0x00000000edf00000,0x00000000edf00000,0x00000000ee300000)
 ParOldGen       total 65536K, used 623K [0x00000000c0000000, 0x00000000c4000000, 0x00000000eab00000)
  object space 65536K, 0% used [0x00000000c0000000,0x00000000c009bee0,0x00000000c4000000)
 Metaspace       used 5999K, capacity 6960K, committed 7040K, reserved 1056768K
  class space    used 592K, capacity 616K, committed 640K, reserved 1048576K
Event: 4.213 GC heap after
Heap after GC invocations=2 (full 0):
 PSYoungGen      total 53248K, used 4080K [0x00000000eab00000, 0x00000000ee300000, 0x0000000100000000)
  eden space 49152K, 0% used [0x00000000eab00000,0x00000000eab00000,0x00000000edb00000)
  from space 4096K, 99% used [0x00000000edf00000,0x00000000ee2fc2c0,0x00000000ee300000)
  to   space 4096K, 0% used [0x00000000edb00000,0x00000000edb00000,0x00000000edf00000)
 ParOldGen       total 65536K, used 2934K [0x00000000c0000000, 0x00000000c4000000, 0x00000000eab00000)
  object space 65536K, 4% used [0x00000000c0000000,0x00000000c02dda90,0x00000000c4000000)
 Metaspace       used 5999K, capacity 6960K, committed 7040K, reserved 1056768K
  class space    used 592K, capacity 616K, committed 640K, reserved 1048576K
}

Deoptimization events (10 events):
Event: 4.070 Thread 0x000000005673e800 Uncommon trap: reason=unreached action=reinterpret pc=0x0000000002a42f84 method=com.android.dx.rop.cst.Constant.compareTo(Lcom/android/dx/rop/cst/Constant;)I @ 12
Event: 4.854 Thread 0x000000005751c800 Uncommon trap: reason=unreached action=reinterpret pc=0x0000000002d121e8 method=com.android.dx.ssa.SCCP.simulateBranch(Lcom/android/dx/ssa/SsaInsn;)V @ 132
Event: 4.957 Thread 0x0000000056741800 Uncommon trap: reason=uninitialized action=reinterpret pc=0x0000000002cfc4d0 method=com.android.dx.cf.code.BytecodeArray.parseInstruction(ILcom/android/dx/cf/code/BytecodeArray$Visitor;)I @ 999
Event: 4.976 Thread 0x0000000056741800 Uncommon trap: reason=bimorphic action=maybe_recompile pc=0x00000000029f8d08 method=java.util.HashMap.getNode(ILjava/lang/Object;)Ljava/util/HashMap$Node; @ 126
Event: 4.976 Thread 0x0000000056741800 Uncommon trap: reason=bimorphic action=maybe_recompile pc=0x0000000002bd5f24 method=java.util.HashMap.putVal(ILjava/lang/Object;Ljava/lang/Object;ZZ)Ljava/lang/Object; @ 203
Event: 5.409 Thread 0x0000000056741800 Uncommon trap: reason=bimorphic action=maybe_recompile pc=0x00000000029f8d08 method=java.util.HashMap.getNode(ILjava/lang/Object;)Ljava/util/HashMap$Node; @ 126
Event: 5.410 Thread 0x0000000056741800 Uncommon trap: reason=bimorphic action=maybe_recompile pc=0x00000000029f8d08 method=java.util.HashMap.getNode(ILjava/lang/Object;)Ljava/util/HashMap$Node; @ 126
Event: 5.431 Thread 0x0000000056741800 Uncommon trap: reason=class_check action=maybe_recompile pc=0x0000000002de780c method=com.android.dx.rop.code.RegisterSpec.withSimpleType()Lcom/android/dx/rop/code/RegisterSpec; @ 21
Event: 5.432 Thread 0x0000000056741800 Uncommon trap: reason=class_check action=maybe_recompile pc=0x0000000002de780c method=com.android.dx.rop.code.RegisterSpec.withSimpleType()Lcom/android/dx/rop/code/RegisterSpec; @ 21
Event: 5.762 Thread 0x0000000001c6e000 Uncommon trap: reason=unloaded action=reinterpret pc=0x0000000002e41acc method=com.android.dx.cf.cst.ConstantPoolParser.parse0(ILjava/util/BitSet;)Lcom/android/dx/rop/cst/Constant; @ 220

Internal exceptions (10 events):
Event: 2.628 Thread 0x000000005673e800 Exception <a 'java/security/PrivilegedActionException'> (0x00000000ebb392c8) thrown at [D:\re\workspace\8-2-build-windows-amd64-cygwin\jdk8u25\1677\hotspot\src\share\vm\prims\jvm.cpp, line 1312]
Event: 2.629 Thread 0x000000005673e800 Exception <a 'java/security/PrivilegedActionException'> (0x00000000ebb3eb18) thrown at [D:\re\workspace\8-2-build-windows-amd64-cygwin\jdk8u25\1677\hotspot\src\share\vm\prims\jvm.cpp, line 1312]
Event: 2.637 Thread 0x000000005751c800 Exception <a 'java/security/PrivilegedActionException'> (0x00000000eb8b52c0) thrown at [D:\re\workspace\8-2-build-windows-amd64-cygwin\jdk8u25\1677\hotspot\src\share\vm\prims\jvm.cpp, line 1312]
Event: 2.641 Thread 0x000000005673e800 Exception <a 'java/security/PrivilegedActionException'> (0x00000000ebb584d0) thrown at [D:\re\workspace\8-2-build-windows-amd64-cygwin\jdk8u25\1677\hotspot\src\share\vm\prims\jvm.cpp, line 1312]
Event: 2.692 Thread 0x0000000001c6e000 Exception <a 'java/security/PrivilegedActionException'> (0x00000000ebac0050) thrown at [D:\re\workspace\8-2-build-windows-amd64-cygwin\jdk8u25\1677\hotspot\src\share\vm\prims\jvm.cpp, line 1312]
Event: 2.788 Thread 0x0000000056741800 Exception <a 'java/security/PrivilegedActionException'> (0x00000000ebbbf8f8) thrown at [D:\re\workspace\8-2-build-windows-amd64-cygwin\jdk8u25\1677\hotspot\src\share\vm\prims\jvm.cpp, line 1312]
Event: 3.023 Thread 0x000000005751c800 Exception <a 'java/security/PrivilegedActionException'> (0x00000000ebc8d720) thrown at [D:\re\workspace\8-2-build-windows-amd64-cygwin\jdk8u25\1677\hotspot\src\share\vm\prims\jvm.cpp, line 1312]
Event: 3.257 Thread 0x0000000056743800 Exception <a 'java/security/PrivilegedActionException'> (0x00000000ec1b4220) thrown at [D:\re\workspace\8-2-build-windows-amd64-cygwin\jdk8u25\1677\hotspot\src\share\vm\prims\jvm.cpp, line 1312]
Event: 3.481 Thread 0x0000000056741800 Exception <a 'java/security/PrivilegedActionException'> (0x00000000ead53878) thrown at [D:\re\workspace\8-2-build-windows-amd64-cygwin\jdk8u25\1677\hotspot\src\share\vm\prims\jvm.cpp, line 1312]
Event: 4.795 Thread 0x0000000001c6e000 Exception <a 'java/security/PrivilegedActionException'> (0x00000000eb4caff0) thrown at [D:\re\workspace\8-2-build-windows-amd64-cygwin\jdk8u25\1677\hotspot\src\share\vm\prims\jvm.cpp, line 1312]

Events (10 events):
Event: 5.410 Thread 0x0000000056741800 DEOPT UNPACKING pc=0x000000000282556a sp=0x000000005824ebf0 mode 2
Event: 5.431 Thread 0x0000000056741800 Uncommon trap: trap_request=0xffffffde fr.pc=0x0000000002de780c
Event: 5.431 Thread 0x0000000056741800 DEOPT PACKING pc=0x0000000002de780c sp=0x000000005824ee40
Event: 5.431 Thread 0x0000000056741800 DEOPT UNPACKING pc=0x000000000282556a sp=0x000000005824ed88 mode 2
Event: 5.432 Thread 0x0000000056741800 Uncommon trap: trap_request=0xffffffde fr.pc=0x0000000002de780c
Event: 5.432 Thread 0x0000000056741800 DEOPT PACKING pc=0x0000000002de780c sp=0x000000005824edc0
Event: 5.432 Thread 0x0000000056741800 DEOPT UNPACKING pc=0x000000000282556a sp=0x000000005824ed08 mode 2
Event: 5.762 Thread 0x0000000001c6e000 Uncommon trap: trap_request=0x000000d2 fr.pc=0x0000000002e41acc
Event: 5.762 Thread 0x0000000001c6e000 DEOPT PACKING pc=0x0000000002e41acc sp=0x000000000250eb70
Event: 5.762 Thread 0x0000000001c6e000 DEOPT UNPACKING pc=0x000000000282556a sp=0x000000000250eb98 mode 2


Dynamic libraries:
0x000000013ffe0000 - 0x0000000140014000 	C:\Program Files\Java\jdk1.8.0_25\bin\java.exe
0x00000000776a0000 - 0x0000000077849000 	C:\Windows\SYSTEM32\ntdll.dll
0x0000000077580000 - 0x00000000776a0000 	C:\Windows\system32\kernel32.dll
0x000007fefd490000 - 0x000007fefd4fc000 	C:\Windows\system32\KERNELBASE.dll
0x000007fefdd90000 - 0x000007fefde6b000 	C:\Windows\system32\ADVAPI32.dll
0x000007feff910000 - 0x000007feff9af000 	C:\Windows\system32\msvcrt.dll
0x000007fefe660000 - 0x000007fefe67f000 	C:\Windows\SYSTEM32\sechost.dll
0x000007feff760000 - 0x000007feff88d000 	C:\Windows\system32\RPCRT4.dll
0x0000000077480000 - 0x000000007757a000 	C:\Windows\system32\USER32.dll
0x000007feff8a0000 - 0x000007feff907000 	C:\Windows\system32\GDI32.dll
0x000007feff890000 - 0x000007feff89e000 	C:\Windows\system32\LPK.dll
0x000007fefe590000 - 0x000007fefe65a000 	C:\Windows\system32\USP10.dll
0x000007fefbc40000 - 0x000007fefbe34000 	C:\Windows\WinSxS\amd64_microsoft.windows.common-controls_6595b64144ccf1df_6.0.7601.18837_none_fa3b1e3d17594757\COMCTL32.dll
0x000007fefe510000 - 0x000007fefe581000 	C:\Windows\system32\SHLWAPI.dll
0x000007fefde70000 - 0x000007fefde9e000 	C:\Windows\system32\IMM32.DLL
0x000007feff470000 - 0x000007feff579000 	C:\Windows\system32\MSCTF.dll
0x000007fefd370000 - 0x000007fefd3ac000 	C:\Windows\system32\nvinitx.dll
0x000000006de20000 - 0x000000006def2000 	C:\Program Files\Java\jdk1.8.0_25\jre\bin\msvcr100.dll
0x000000006e790000 - 0x000000006efea000 	C:\Program Files\Java\jdk1.8.0_25\jre\bin\server\jvm.dll
0x000007fef5720000 - 0x000007fef5729000 	C:\Windows\system32\WSOCK32.dll
0x000007fefd990000 - 0x000007fefd9dd000 	C:\Windows\system32\WS2_32.dll
0x000007fefe500000 - 0x000007fefe508000 	C:\Windows\system32\NSI.dll
0x000007fefa020000 - 0x000007fefa05b000 	C:\Windows\system32\WINMM.dll
0x0000000077860000 - 0x0000000077867000 	C:\Windows\system32\PSAPI.DLL
0x0000000074590000 - 0x000000007459f000 	C:\Program Files\Java\jdk1.8.0_25\jre\bin\verify.dll
0x00000000701e0000 - 0x0000000070208000 	C:\Program Files\Java\jdk1.8.0_25\jre\bin\java.dll
0x0000000074570000 - 0x0000000074586000 	C:\Program Files\Java\jdk1.8.0_25\jre\bin\zip.dll
0x000007fefe6e0000 - 0x000007feff469000 	C:\Windows\system32\SHELL32.dll
0x000007fefdae0000 - 0x000007fefdce3000 	C:\Windows\system32\ole32.dll
0x000007fefd440000 - 0x000007fefd44f000 	C:\Windows\system32\profapi.dll
0x000007fef2260000 - 0x000007fef2385000 	C:\Windows\system32\dbghelp.dll

VM Arguments:
jvm_args: -Djava.awt.headless=true -Xmx1024M -Dfile.encoding=windows-1252 -Duser.country=ES -Duser.language=es -Duser.variant 
java_command: com.android.dx.command.Main --dex --num-threads=4 --output E:\Documents\klase_uni\4-Cuarto\Primera\IngSW\Android\ListViewTutorial\app\build\intermediates\pre-dexed\debug\com.android.support-appcompat-v7-23.1.1_2ab50653f5b27cb906bac025b3f43edbbab65c9e.jar E:\Documents\klase_uni\4-Cuarto\Primera\IngSW\Android\ListViewTutorial\app\build\intermediates\exploded-aar\com.android.support\appcompat-v7\23.1.1\jars\classes.jar
java_class_path (initial): C:\Users\narwhall\AppData\Local\Android\sdk1\build-tools\23.0.2\lib\dx.jar
Launcher Type: SUN_STANDARD

Environment Variables:
JAVA_HOME=C:\Program Files\Java\jdk1.8.0_25\
PATH=C:\app\narwhall\product\11.2.0\dbhome_1\bin;C:\ProgramData\Oracle\Java\javapath;C:\Windows\system32;C:\Windows;C:\Windows\System32\Wbem;C:\Windows\System32\WindowsPowerShell\v1.0\; C:\Program Files\Java\jdk1.8.0_25\bin;C:\Program Files (x86)\Skype\Phone\
USERNAME=narwhall
OS=Windows_NT
PROCESSOR_IDENTIFIER=Intel64 Family 6 Model 42 Stepping 7, GenuineIntel



---------------  S Y S T E M  ---------------

OS: Windows 7 , 64 bit Build 7601 Service Pack 1

CPU:total 4 (2 cores per cpu, 2 threads per core) family 6 model 42 stepping 7, cmov, cx8, fxsr, mmx, sse, sse2, sse3, ssse3, sse4.1, sse4.2, popcnt, avx, aes, clmul, ht, tsc, tscinvbit

Memory: 4k page, physical 6201540k(375688k free), swap 8247704k(160232k free)

vm_info: Java HotSpot(TM) 64-Bit Server VM (25.25-b02) for windows-amd64 JRE (1.8.0_25-b18), built on Oct  7 2014 14:25:37 by "java_re" with MS VC++ 10.0 (VS2010)

time: Tue Mar 29 13:26:17 2016
elapsed time: 6 seconds (0d 0h 0m 6s)

