#
# There is insufficient memory for the Java Runtime Environment to continue.
# Native memory allocation (malloc) failed to allocate 32784 bytes for Chunk::new
# Possible reasons:
#   The system is out of physical RAM or swap space
#   In 32 bit mode, the process size limit was hit
# Possible solutions:
#   Reduce memory load on the system
#   Increase physical memory or swap space
#   Check if swap backing store is full
#   Use 64 bit Java on a 64 bit OS
#   Decrease Java heap size (-Xmx/-Xms)
#   Decrease number of Java threads
#   Decrease Java thread stack sizes (-Xss)
#   Set larger code cache with -XX:ReservedCodeCacheSize=
# This output file may be truncated or incomplete.
#
#  Out of Memory Error (allocation.cpp:390), pid=4392, tid=5864
#
# JRE version: Java(TM) SE Runtime Environment (8.0_25-b18) (build 1.8.0_25-b18)
# Java VM: Java HotSpot(TM) 64-Bit Server VM (25.25-b02 mixed mode windows-amd64 compressed oops)
# Failed to write core dump. Minidumps are not enabled by default on client versions of Windows
#

---------------  T H R E A D  ---------------

Current thread (0x00000000565c3800):  JavaThread "C2 CompilerThread0" daemon [_thread_in_native, id=5864, stack(0x0000000056f40000,0x0000000057040000)]

Stack: [0x0000000056f40000,0x0000000057040000]
Native frames: (J=compiled Java code, j=interpreted, Vv=VM code, C=native code)
V  [jvm.dll+0x31667a]


Current CompileTask:
C2:   6043 1419       4       com.android.dx.rop.code.RopMethod::labelToPredecessors (54 bytes)


---------------  P R O C E S S  ---------------

Java Threads: ( => current thread )
  0x00000000569a6800 JavaThread "pool-1-thread-4" [_thread_blocked, id=5136, stack(0x00000000584c0000,0x00000000585c0000)]
  0x00000000569a3800 JavaThread "pool-1-thread-3" [_thread_blocked, id=3172, stack(0x00000000582d0000,0x00000000583d0000)]
  0x000000005682a800 JavaThread "pool-1-thread-2" [_thread_blocked, id=5468, stack(0x00000000580d0000,0x00000000581d0000)]
  0x0000000056826800 JavaThread "pool-2-thread-1" [_thread_blocked, id=2744, stack(0x0000000057e10000,0x0000000057f10000)]
  0x0000000056824800 JavaThread "pool-1-thread-1" [_thread_blocked, id=4860, stack(0x0000000057c20000,0x0000000057d20000)]
  0x0000000056619000 JavaThread "Service Thread" daemon [_thread_blocked, id=524, stack(0x0000000057040000,0x0000000057140000)]
  0x000000005509e000 JavaThread "C1 CompilerThread2" daemon [_thread_blocked, id=2588, stack(0x00000000571b0000,0x00000000572b0000)]
  0x00000000565c7800 JavaThread "C2 CompilerThread1" daemon [_thread_blocked, id=3536, stack(0x0000000056c60000,0x0000000056d60000)]
=>0x00000000565c3800 JavaThread "C2 CompilerThread0" daemon [_thread_in_native, id=5864, stack(0x0000000056f40000,0x0000000057040000)]
  0x00000000565c2800 JavaThread "Attach Listener" daemon [_thread_blocked, id=1580, stack(0x0000000056d70000,0x0000000056e70000)]
  0x0000000055093800 JavaThread "Signal Dispatcher" daemon [_thread_blocked, id=5452, stack(0x0000000056a90000,0x0000000056b90000)]
  0x0000000055034000 JavaThread "Finalizer" daemon [_thread_blocked, id=5500, stack(0x00000000564c0000,0x00000000565c0000)]
  0x000000005502b000 JavaThread "Reference Handler" daemon [_thread_blocked, id=5712, stack(0x0000000056370000,0x0000000056470000)]
  0x00000000021ee000 JavaThread "main" [_thread_blocked, id=5524, stack(0x00000000023b0000,0x00000000024b0000)]

Other Threads:
  0x0000000055025800 VMThread [stack: 0x0000000056180000,0x0000000056280000] [id=2800]
  0x0000000056628000 WatcherThread [stack: 0x00000000572f0000,0x00000000573f0000] [id=5688]

VM state:at safepoint (normal execution)

VM Mutex/Monitor currently owned by a thread:  ([mutex/lock_event])
[0x00000000021ec150] Threads_lock - owner thread: 0x0000000055025800
[0x00000000021ec650] Heap_lock - owner thread: 0x000000005509e000
[0x00000000021ecbd0] MethodData_lock - owner thread: 0x000000005509e000

Heap:
 PSYoungGen      total 53248K, used 4071K [0x00000000eab00000, 0x00000000ee300000, 0x0000000100000000)
  eden space 49152K, 0% used [0x00000000eab00000,0x00000000eab00000,0x00000000edb00000)
  from space 4096K, 99% used [0x00000000edf00000,0x00000000ee2f9c78,0x00000000ee300000)
  to   space 4096K, 0% used [0x00000000edb00000,0x00000000edb00000,0x00000000edf00000)
 ParOldGen       total 65536K, used 1612K [0x00000000c0000000, 0x00000000c4000000, 0x00000000eab00000)
  object space 65536K, 2% used [0x00000000c0000000,0x00000000c0193098,0x00000000c4000000)
 Metaspace       used 6044K, capacity 6960K, committed 7040K, reserved 1060864K
  class space    used 586K, capacity 616K, committed 640K, reserved 1048576K

Card table byte_map: [0x0000000011b40000,0x0000000011d50000] byte_map_base: 0x0000000011540000

Marking Bits: (ParMarkBitMap*) 0x000000006ef6d490
 Begin Bits: [0x00000000124a0000, 0x00000000134a0000)
 End Bits:   [0x00000000134a0000, 0x00000000144a0000)

Polling page: 0x0000000000130000

CodeCache: size=245760Kb used=5658Kb max_used=5658Kb free=240101Kb
 bounds [0x0000000002780000, 0x0000000002d10000, 0x0000000011780000]
 total_blobs=1685 nmethods=1421 adapters=178
 compilation: enabled

Compilation events (10 events):
Event: 6.004 Thread 0x000000005509e000 1414       3       com.android.dx.cf.code.ExecutionStack::<init> (34 bytes)
Event: 6.004 Thread 0x000000005509e000 nmethod 1414 0x0000000002cf2ad0 code [0x0000000002cf2c40, 0x0000000002cf2ff0]
Event: 6.005 Thread 0x000000005509e000 1415       3       com.android.dx.cf.direct.MemberListParser::getCount (17 bytes)
Event: 6.005 Thread 0x000000005509e000 nmethod 1415 0x0000000002cf2290 code [0x0000000002cf2420, 0x0000000002cf2828]
Event: 6.005 Thread 0x000000005509e000 1417       3       com.android.dx.cf.direct.MemberListParser::parseIfNecessary (12 bytes)
Event: 6.005 Thread 0x000000005509e000 nmethod 1417 0x0000000002cf1ed0 code [0x0000000002cf2040, 0x0000000002cf2208]
Event: 6.009 Thread 0x000000005509e000 1421       3       java.util.HashMap$HashIterator::<init> (79 bytes)
Event: 6.009 Thread 0x00000000565c3800 nmethod 1406 0x0000000002d0bf90 code [0x0000000002d0c2a0, 0x0000000002d0dae0]
Event: 6.009 Thread 0x00000000565c3800 1419       4       com.android.dx.rop.code.RopMethod::labelToPredecessors (54 bytes)
Event: 6.009 Thread 0x000000005509e000 nmethod 1421 0x0000000002cda910 code [0x0000000002cdaa80, 0x0000000002cdae10]

GC Heap History (2 events):
Event: 4.389 GC heap before
{Heap before GC invocations=1 (full 0):
 PSYoungGen      total 28672K, used 24576K [0x00000000eab00000, 0x00000000ecb00000, 0x0000000100000000)
  eden space 24576K, 100% used [0x00000000eab00000,0x00000000ec300000,0x00000000ec300000)
  from space 4096K, 0% used [0x00000000ec700000,0x00000000ec700000,0x00000000ecb00000)
  to   space 4096K, 0% used [0x00000000ec300000,0x00000000ec300000,0x00000000ec700000)
 ParOldGen       total 65536K, used 0K [0x00000000c0000000, 0x00000000c4000000, 0x00000000eab00000)
  object space 65536K, 0% used [0x00000000c0000000,0x00000000c0000000,0x00000000c4000000)
 Metaspace       used 5850K, capacity 6832K, committed 7040K, reserved 1056768K
  class space    used 585K, capacity 616K, committed 640K, reserved 1048576K
Event: 4.493 GC heap after
Heap after GC invocations=1 (full 0):
 PSYoungGen      total 28672K, used 4070K [0x00000000eab00000, 0x00000000ee300000, 0x0000000100000000)
  eden space 24576K, 0% used [0x00000000eab00000,0x00000000eab00000,0x00000000ec300000)
  from space 4096K, 99% used [0x00000000ec300000,0x00000000ec6f9b80,0x00000000ec700000)
  to   space 4096K, 0% used [0x00000000edf00000,0x00000000edf00000,0x00000000ee300000)
 ParOldGen       total 65536K, used 316K [0x00000000c0000000, 0x00000000c4000000, 0x00000000eab00000)
  object space 65536K, 0% used [0x00000000c0000000,0x00000000c004f2f8,0x00000000c4000000)
 Metaspace       used 5850K, capacity 6832K, committed 7040K, reserved 1056768K
  class space    used 585K, capacity 616K, committed 640K, reserved 1048576K
}

Deoptimization events (1 events):
Event: 3.006 Thread 0x00000000569a3800 Uncommon trap: reason=class_check action=maybe_recompile pc=0x00000000029f7d20 method=com.android.dx.ssa.NormalSsaInsn.accept(Lcom/android/dx/ssa/SsaInsn$Visitor;)V @ 9

Internal exceptions (10 events):
Event: 2.569 Thread 0x0000000056824800 Exception <a 'java/security/PrivilegedActionException'> (0x00000000eba73930) thrown at [D:\re\workspace\8-2-build-windows-amd64-cygwin\jdk8u25\1677\hotspot\src\share\vm\prims\jvm.cpp, line 1312]
Event: 2.588 Thread 0x0000000056824800 Exception <a 'java/security/PrivilegedActionException'> (0x00000000eba78a70) thrown at [D:\re\workspace\8-2-build-windows-amd64-cygwin\jdk8u25\1677\hotspot\src\share\vm\prims\jvm.cpp, line 1312]
Event: 2.591 Thread 0x0000000056824800 Exception <a 'java/security/PrivilegedActionException'> (0x00000000eba7e008) thrown at [D:\re\workspace\8-2-build-windows-amd64-cygwin\jdk8u25\1677\hotspot\src\share\vm\prims\jvm.cpp, line 1312]
Event: 2.617 Thread 0x00000000569a6800 Exception <a 'java/security/PrivilegedActionException'> (0x00000000eb8aed88) thrown at [D:\re\workspace\8-2-build-windows-amd64-cygwin\jdk8u25\1677\hotspot\src\share\vm\prims\jvm.cpp, line 1312]
Event: 2.626 Thread 0x00000000569a6800 Exception <a 'java/security/PrivilegedActionException'> (0x00000000eb8bbb80) thrown at [D:\re\workspace\8-2-build-windows-amd64-cygwin\jdk8u25\1677\hotspot\src\share\vm\prims\jvm.cpp, line 1312]
Event: 2.627 Thread 0x00000000569a6800 Exception <a 'java/security/PrivilegedActionException'> (0x00000000eb8c1e10) thrown at [D:\re\workspace\8-2-build-windows-amd64-cygwin\jdk8u25\1677\hotspot\src\share\vm\prims\jvm.cpp, line 1312]
Event: 2.628 Thread 0x00000000569a6800 Exception <a 'java/security/PrivilegedActionException'> (0x00000000eb8c6538) thrown at [D:\re\workspace\8-2-build-windows-amd64-cygwin\jdk8u25\1677\hotspot\src\share\vm\prims\jvm.cpp, line 1312]
Event: 2.676 Thread 0x000000005682a800 Exception <a 'java/security/PrivilegedActionException'> (0x00000000ebbde658) thrown at [D:\re\workspace\8-2-build-windows-amd64-cygwin\jdk8u25\1677\hotspot\src\share\vm\prims\jvm.cpp, line 1312]
Event: 3.273 Thread 0x00000000021ee000 Exception <a 'java/security/PrivilegedActionException'> (0x00000000eb93dbe8) thrown at [D:\re\workspace\8-2-build-windows-amd64-cygwin\jdk8u25\1677\hotspot\src\share\vm\prims\jvm.cpp, line 1312]
Event: 3.275 Thread 0x000000005682a800 Exception <a 'java/security/PrivilegedActionException'> (0x00000000ebce43b0) thrown at [D:\re\workspace\8-2-build-windows-amd64-cygwin\jdk8u25\1677\hotspot\src\share\vm\prims\jvm.cpp, line 1312]

Events (10 events):
Event: 4.360 loading class java/util/TreeMap$EntryIterator
Event: 4.360 loading class java/util/TreeMap$EntryIterator done
Event: 4.360 Executing VM operation: Deoptimize
Event: 4.360 Executing VM operation: Deoptimize done
Event: 4.389 Executing VM operation: ParallelGCFailedAllocation
Event: 4.493 Executing VM operation: ParallelGCFailedAllocation done
Event: 4.493 loading class sun/misc/Cleaner
Event: 4.493 loading class sun/misc/Cleaner done
Event: 4.626 Executing VM operation: EnableBiasedLocking
Event: 4.655 Executing VM operation: EnableBiasedLocking done


Dynamic libraries:
0x000000013ffe0000 - 0x0000000140014000 	C:\Program Files\Java\jdk1.8.0_25\bin\java.exe
0x00000000776a0000 - 0x0000000077849000 	C:\Windows\SYSTEM32\ntdll.dll
0x0000000077580000 - 0x00000000776a0000 	C:\Windows\system32\kernel32.dll
0x000007fefd490000 - 0x000007fefd4fc000 	C:\Windows\system32\KERNELBASE.dll
0x000007fefdd90000 - 0x000007fefde6b000 	C:\Windows\system32\ADVAPI32.dll
0x000007feff910000 - 0x000007feff9af000 	C:\Windows\system32\msvcrt.dll
0x000007fefe660000 - 0x000007fefe67f000 	C:\Windows\SYSTEM32\sechost.dll
0x000007feff760000 - 0x000007feff88d000 	C:\Windows\system32\RPCRT4.dll
0x0000000077480000 - 0x000000007757a000 	C:\Windows\system32\USER32.dll
0x000007feff8a0000 - 0x000007feff907000 	C:\Windows\system32\GDI32.dll
0x000007feff890000 - 0x000007feff89e000 	C:\Windows\system32\LPK.dll
0x000007fefe590000 - 0x000007fefe65a000 	C:\Windows\system32\USP10.dll
0x000007fefbc40000 - 0x000007fefbe34000 	C:\Windows\WinSxS\amd64_microsoft.windows.common-controls_6595b64144ccf1df_6.0.7601.18837_none_fa3b1e3d17594757\COMCTL32.dll
0x000007fefe510000 - 0x000007fefe581000 	C:\Windows\system32\SHLWAPI.dll
0x000007fefde70000 - 0x000007fefde9e000 	C:\Windows\system32\IMM32.DLL
0x000007feff470000 - 0x000007feff579000 	C:\Windows\system32\MSCTF.dll
0x000007fefd370000 - 0x000007fefd3ac000 	C:\Windows\system32\nvinitx.dll
0x000000006de20000 - 0x000000006def2000 	C:\Program Files\Java\jdk1.8.0_25\jre\bin\msvcr100.dll
0x000000006e790000 - 0x000000006efea000 	C:\Program Files\Java\jdk1.8.0_25\jre\bin\server\jvm.dll
0x000007fef5720000 - 0x000007fef5729000 	C:\Windows\system32\WSOCK32.dll
0x000007fefd990000 - 0x000007fefd9dd000 	C:\Windows\system32\WS2_32.dll
0x000007fefe500000 - 0x000007fefe508000 	C:\Windows\system32\NSI.dll
0x000007fefa020000 - 0x000007fefa05b000 	C:\Windows\system32\WINMM.dll
0x0000000077860000 - 0x0000000077867000 	C:\Windows\system32\PSAPI.DLL
0x0000000074590000 - 0x000000007459f000 	C:\Program Files\Java\jdk1.8.0_25\jre\bin\verify.dll
0x00000000701e0000 - 0x0000000070208000 	C:\Program Files\Java\jdk1.8.0_25\jre\bin\java.dll
0x0000000074570000 - 0x0000000074586000 	C:\Program Files\Java\jdk1.8.0_25\jre\bin\zip.dll
0x000007fefe6e0000 - 0x000007feff469000 	C:\Windows\system32\SHELL32.dll
0x000007fefdae0000 - 0x000007fefdce3000 	C:\Windows\system32\ole32.dll
0x000007fefd440000 - 0x000007fefd44f000 	C:\Windows\system32\profapi.dll

VM Arguments:
jvm_args: -Djava.awt.headless=true -Xmx1024M -Dfile.encoding=windows-1252 -Duser.country=ES -Duser.language=es -Duser.variant 
java_command: com.android.dx.command.Main --dex --num-threads=4 --output E:\Documents\klase_uni\4-Cuarto\Primera\IngSW\Android\ListViewTutorial\app\build\intermediates\pre-dexed\debug\internal_impl-23.1.1_0f06e6e5d565ac4af8fcce8673ac2de8146fd413.jar E:\Documents\klase_uni\4-Cuarto\Primera\IngSW\Android\ListViewTutorial\app\build\intermediates\exploded-aar\com.android.support\support-v4\23.1.1\jars\libs\internal_impl-23.1.1.jar
java_class_path (initial): C:\Users\narwhall\AppData\Local\Android\sdk1\build-tools\23.0.2\lib\dx.jar
Launcher Type: SUN_STANDARD

Environment Variables:
JAVA_HOME=C:\Program Files\Java\jdk1.8.0_25\
PATH=C:\app\narwhall\product\11.2.0\dbhome_1\bin;C:\ProgramData\Oracle\Java\javapath;C:\Windows\system32;C:\Windows;C:\Windows\System32\Wbem;C:\Windows\System32\WindowsPowerShell\v1.0\; C:\Program Files\Java\jdk1.8.0_25\bin;C:\Program Files (x86)\Skype\Phone\
USERNAME=narwhall
OS=Windows_NT
PROCESSOR_IDENTIFIER=Intel64 Family 6 Model 42 Stepping 7, GenuineIntel



---------------  S Y S T E M  ---------------

OS: Windows 7 , 64 bit Build 7601 Service Pack 1

CPU:total 4 (2 cores per cpu, 2 threads per core) family 6 model 42 stepping 7, cmov, cx8, fxsr, mmx, sse, sse2, sse3, ssse3, sse4.1, sse4.2, popcnt, avx, aes, clmul, ht, tsc, tscinvbit

Memory: 4k page, physical 6201540k(373748k free), swap 8247704k(5084k free)

vm_info: Java HotSpot(TM) 64-Bit Server VM (25.25-b02) for windows-amd64 JRE (1.8.0_25-b18), built on Oct  7 2014 14:25:37 by "java_re" with MS VC++ 10.0 (VS2010)

time: Tue Mar 29 13:26:16 2016
elapsed time: 6 seconds (0d 0h 0m 6s)

